\BOOKMARK [1][-]{section.1}{\376\377\000D\000u\000o\000m\000e\000n\001\163\000\040\000k\000l\000a\000s\001\027}{}% 1
\BOOKMARK [2][-]{subsection.1.1}{\376\377\000D\000a\000r\000b\000o\000\040\000u\001\176\000d\000u\000o\000t\000i\000s}{section.1}% 2
\BOOKMARK [2][-]{subsection.1.2}{\376\377\000P\000r\000o\000g\000r\000a\000m\000o\000s\000\040\000t\000e\000k\000s\000t\000a\000s}{section.1}% 3
\BOOKMARK [2][-]{subsection.1.3}{\376\377\000P\000r\000a\000d\000i\000n\000i\000a\000i\000\040\000d\000u\000o\000m\000e\000n\000y\000s\000\040\000i\000r\000\040\000r\000e\000z\000u\000l\000t\000a\000t\000a\000i}{section.1}% 4
\BOOKMARK [2][-]{subsection.1.4}{\376\377\000D\001\027\000s\000t\000y\000t\000o\000j\000o\000\040\000p\000a\000s\000t\000a\000b\000o\000s}{section.1}% 5
\BOOKMARK [1][-]{section.2}{\376\377\000S\000k\000a\000i\001\015\000i\000a\000v\000i\000m\001\163\000\040\000k\000l\000a\000s\001\027}{}% 6
\BOOKMARK [2][-]{subsection.2.1}{\376\377\000D\000a\000r\000b\000o\000\040\000u\001\176\000d\000u\000o\000t\000i\000s}{section.2}% 7
\BOOKMARK [2][-]{subsection.2.2}{\376\377\000P\000r\000o\000g\000r\000a\000m\000o\000s\000\040\000t\000e\000k\000s\000t\000a\000s}{section.2}% 8
\BOOKMARK [2][-]{subsection.2.3}{\376\377\000P\000r\000a\000d\000i\000n\000i\000a\000i\000\040\000d\000u\000o\000m\000e\000n\000y\000s\000\040\000i\000r\000\040\000r\000e\000z\000u\000l\000t\000a\000t\000a\000i}{section.2}% 9
\BOOKMARK [3][-]{subsubsection.2.3.1}{\376\377\000P\000i\000r\000m\000a\000s\000\040\000t\000i\000k\000r\000i\000n\000i\000m\000a\000s}{subsection.2.3}% 10
\BOOKMARK [3][-]{subsubsection.2.3.2}{\376\377\000A\000n\000t\000r\000a\000s\000\040\000t\000i\000k\000r\000i\000n\000i\000m\000a\000s}{subsection.2.3}% 11
\BOOKMARK [2][-]{subsection.2.4}{\376\377\000D\001\027\000s\000t\000y\000t\000o\000j\000o\000\040\000p\000a\000s\000t\000a\000b\000o\000s}{section.2}% 12
\BOOKMARK [1][-]{section.3}{\376\377\000K\000o\000n\000t\000e\000i\000n\000e\000r\000i\000s}{}% 13
\BOOKMARK [2][-]{subsection.3.1}{\376\377\000D\000a\000r\000b\000o\000\040\000u\001\176\000d\000u\000o\000t\000i\000s}{section.3}% 14
\BOOKMARK [2][-]{subsection.3.2}{\376\377\000P\000r\000o\000g\000r\000a\000m\000o\000s\000\040\000t\000e\000k\000s\000t\000a\000s}{section.3}% 15
\BOOKMARK [2][-]{subsection.3.3}{\376\377\000P\000r\000a\000d\000i\000n\000i\000a\000i\000\040\000d\000u\000o\000m\000e\000n\000y\000s\000\040\000i\000r\000\040\000r\000e\000z\000u\000l\000t\000a\000t\000a\000i}{section.3}% 16
\BOOKMARK [3][-]{subsubsection.3.3.1}{\376\377\000P\000i\000r\000m\000a\000s\000\040\000t\000i\000k\000r\000i\000n\000i\000m\000a\000s}{subsection.3.3}% 17
\BOOKMARK [3][-]{subsubsection.3.3.2}{\376\377\000A\000n\000t\000r\000a\000s\000\040\000t\000i\000k\000r\000i\000n\000i\000m\000a\000s\000:}{subsection.3.3}% 18
\BOOKMARK [2][-]{subsection.3.4}{\376\377\000D\001\027\000s\000t\000y\000t\000o\000j\000o\000\040\000p\000a\000s\000t\000a\000b\000o\000s}{section.3}% 19
\BOOKMARK [1][-]{section.4}{\376\377\000T\000e\000k\000s\000t\000o\000\040\000a\000n\000a\000l\000i\000z\001\027\000\040\000i\000r\000\040\000r\000e\000d\000a\000g\000a\000v\000i\000m\000a\000s}{}% 20
\BOOKMARK [2][-]{subsection.4.1}{\376\377\000D\000a\000r\000b\000o\000\040\000u\001\176\000d\000u\000o\000t\000i\000s}{section.4}% 21
\BOOKMARK [2][-]{subsection.4.2}{\376\377\000P\000r\000o\000g\000r\000a\000m\000o\000s\000\040\000t\000e\000k\000s\000t\000a\000s}{section.4}% 22
\BOOKMARK [2][-]{subsection.4.3}{\376\377\000P\000r\000a\000d\000i\000n\000i\000a\000i\000\040\000d\000u\000o\000m\000e\000n\000y\000s\000\040\000i\000r\000\040\000r\000e\000z\000u\000l\000t\000a\000t\000a\000i}{section.4}% 23
\BOOKMARK [2][-]{subsection.4.4}{\376\377\000D\001\027\000s\000t\000y\000t\000o\000j\000o\000\040\000p\000a\000s\000t\000a\000b\000o\000s}{section.4}% 24
\BOOKMARK [1][-]{section.5}{\376\377\000P\000a\000v\000e\000l\000d\001\027\000j\000i\000m\000a\000s}{}% 25
\BOOKMARK [2][-]{subsection.5.1}{\376\377\000D\000a\000r\000b\000o\000\040\000u\001\176\000d\000u\000o\000t\000i\000s}{section.5}% 26
\BOOKMARK [2][-]{subsection.5.2}{\376\377\000P\000r\000o\000g\000r\000a\000m\000o\000s\000\040\000t\000e\000k\000s\000t\000a\000s}{section.5}% 27
\BOOKMARK [2][-]{subsection.5.3}{\376\377\000P\000r\000a\000d\000i\000n\000i\000a\000i\000\040\000d\000u\000o\000m\000e\000n\000y\000s\000\040\000i\000r\000\040\000r\000e\000z\000u\000l\000t\000a\000t\000a\000i}{section.5}% 28
\BOOKMARK [2][-]{subsection.5.4}{\376\377\000D\001\027\000s\000t\000y\000t\000o\000j\000o\000\040\000p\000a\000s\000t\000a\000b\000o\000s}{section.5}% 29
